     1 00000000                                 [FORMAT "WCOFF"]
     2 00000000                                 [INSTRSET "i486p"]
     3 00000000                                 [OPTIMIZE 1]
     4 00000000                                 [OPTION 1]
     5 00000000                                 [BITS 32]
     6 00000000                                 	EXTERN	_table_rgb.0
     7 00000000                                 	EXTERN	_io_load_eflags
     8 00000000                                 	EXTERN	_io_cli
     9 00000000                                 	EXTERN	_io_out8
    10 00000000                                 	EXTERN	_io_store_eflags
    11 00000000                                 	EXTERN	_hankaku
    12 00000000                                 	EXTERN	_sheet_refresh
    13 00000000                                 [FILE "graphic.c"]
    14                                          [SECTION .data]
    15 00000000                                 _table_rgb.0:
    16 00000000 00                              	DB	0
    17 00000001 00                              	DB	0
    18 00000002 00                              	DB	0
    19 00000003 FF                              	DB	-1
    20 00000004 00                              	DB	0
    21 00000005 00                              	DB	0
    22 00000006 00                              	DB	0
    23 00000007 FF                              	DB	-1
    24 00000008 00                              	DB	0
    25 00000009 FF                              	DB	-1
    26 0000000A FF                              	DB	-1
    27 0000000B 00                              	DB	0
    28 0000000C 00                              	DB	0
    29 0000000D 00                              	DB	0
    30 0000000E FF                              	DB	-1
    31 0000000F FF                              	DB	-1
    32 00000010 00                              	DB	0
    33 00000011 FF                              	DB	-1
    34 00000012 00                              	DB	0
    35 00000013 FF                              	DB	-1
    36 00000014 FF                              	DB	-1
    37 00000015 FF                              	DB	-1
    38 00000016 FF                              	DB	-1
    39 00000017 FF                              	DB	-1
    40 00000018 C6                              	DB	-58
    41 00000019 C6                              	DB	-58
    42 0000001A C6                              	DB	-58
    43 0000001B 84                              	DB	-124
    44 0000001C 00                              	DB	0
    45 0000001D 00                              	DB	0
    46 0000001E 00                              	DB	0
    47 0000001F 84                              	DB	-124
    48 00000020 00                              	DB	0
    49 00000021 84                              	DB	-124
    50 00000022 84                              	DB	-124
    51 00000023 00                              	DB	0
    52 00000024 00                              	DB	0
    53 00000025 00                              	DB	0
    54 00000026 84                              	DB	-124
    55 00000027 84                              	DB	-124
    56 00000028 00                              	DB	0
    57 00000029 84                              	DB	-124
    58 0000002A 00                              	DB	0
    59 0000002B 84                              	DB	-124
    60 0000002C 84                              	DB	-124
    61 0000002D 84                              	DB	-124
    62 0000002E 84                              	DB	-124
    63 0000002F 84                              	DB	-124
    64                                          [SECTION .text]
    65 00000000                                 	GLOBAL	_init_palette
    66 00000000                                 _init_palette:
    67 00000000 55                              	PUSH	EBP
    68 00000001 89 E5                           	MOV	EBP,ESP
    69 00000003 57                              	PUSH	EDI
    70 00000004 56                              	PUSH	ESI
    71 00000005 53                              	PUSH	EBX
    72 00000006 81 EC 000002A4                  	SUB	ESP,676
    73 0000000C 68 [00000000]                   	PUSH	_table_rgb.0
    74 00000011 6A 0F                           	PUSH	15
    75 00000013 6A 00                           	PUSH	0
    76 00000015 E8 000000B4                     	CALL	_set_palette
    77 0000001A 83 C4 0C                        	ADD	ESP,12
    78 0000001D C7 85 FFFFFD60 00000000         	MOV	DWORD [-672+EBP],0
    79 00000027 C7 85 FFFFFD5C 00000000         	MOV	DWORD [-676+EBP],0
    80 00000031 C7 85 FFFFFD58 00000000         	MOV	DWORD [-680+EBP],0
    81 0000003B                                 L16:
    82 0000003B 31 FF                           	XOR	EDI,EDI
    83 0000003D 31 F6                           	XOR	ESI,ESI
    84 0000003F 31 DB                           	XOR	EBX,EBX
    85 00000041                                 L15:
    86 00000041 31 D2                           	XOR	EDX,EDX
    87 00000043 C7 85 FFFFFD50 00000000         	MOV	DWORD [-688+EBP],0
    88 0000004D                                 L14:
    89 0000004D 8B 85 FFFFFD58                  	MOV	EAX,DWORD [-680+EBP]
    90 00000053 8A 8D FFFFFD50                  	MOV	CL,BYTE [-688+EBP]
    91 00000059 01 D8                           	ADD	EAX,EBX
    92 0000005B 01 D0                           	ADD	EAX,EDX
    93 0000005D 42                              	INC	EDX
    94 0000005E 6B C0 03                        	IMUL	EAX,EAX,3
    95 00000061 88 8C 05 FFFFFD64               	MOV	BYTE [-668+EBP+EAX*1],CL
    96 00000068 89 F1                           	MOV	ECX,ESI
    97 0000006A 88 8C 05 FFFFFD65               	MOV	BYTE [-667+EBP+EAX*1],CL
    98 00000071 8A 8D FFFFFD5C                  	MOV	CL,BYTE [-676+EBP]
    99 00000077 88 8C 05 FFFFFD66               	MOV	BYTE [-666+EBP+EAX*1],CL
   100 0000007E 83 85 FFFFFD50 33               	ADD	DWORD [-688+EBP],51
   101 00000085 83 FA 05                        	CMP	EDX,5
   102 00000088 7E C3                           	JLE	L14
   103 0000008A 47                              	INC	EDI
   104 0000008B 83 C6 33                        	ADD	ESI,51
   105 0000008E 83 C3 06                        	ADD	EBX,6
   106 00000091 83 FF 05                        	CMP	EDI,5
   107 00000094 7E AB                           	JLE	L15
   108 00000096 FF 85 FFFFFD60                  	INC	DWORD [-672+EBP]
   109 0000009C 83 85 FFFFFD5C 33               	ADD	DWORD [-676+EBP],51
   110 000000A3 83 85 FFFFFD58 24               	ADD	DWORD [-680+EBP],36
   111 000000AA 83 BD FFFFFD60 05               	CMP	DWORD [-672+EBP],5
   112 000000B1 7E 88                           	JLE	L16
   113 000000B3 8D 85 FFFFFD64                  	LEA	EAX,DWORD [-668+EBP]
   114 000000B9 50                              	PUSH	EAX
   115 000000BA 68 000000E7                     	PUSH	231
   116 000000BF 6A 10                           	PUSH	16
   117 000000C1 E8 00000008                     	CALL	_set_palette
   118 000000C6 8D 65 F4                        	LEA	ESP,DWORD [-12+EBP]
   119 000000C9 5B                              	POP	EBX
   120 000000CA 5E                              	POP	ESI
   121 000000CB 5F                              	POP	EDI
   122 000000CC 5D                              	POP	EBP
   123 000000CD C3                              	RET
   124 000000CE                                 	GLOBAL	_set_palette
   125 000000CE                                 _set_palette:
   126 000000CE 55                              	PUSH	EBP
   127 000000CF 89 E5                           	MOV	EBP,ESP
   128 000000D1 57                              	PUSH	EDI
   129 000000D2 56                              	PUSH	ESI
   130 000000D3 53                              	PUSH	EBX
   131 000000D4 51                              	PUSH	ECX
   132 000000D5 8B 5D 08                        	MOV	EBX,DWORD [8+EBP]
   133 000000D8 8B 7D 0C                        	MOV	EDI,DWORD [12+EBP]
   134 000000DB 8B 75 10                        	MOV	ESI,DWORD [16+EBP]
   135 000000DE E8 [00000000]                   	CALL	_io_load_eflags
   136 000000E3 89 45 F0                        	MOV	DWORD [-16+EBP],EAX
   137 000000E6 E8 [00000000]                   	CALL	_io_cli
   138 000000EB 53                              	PUSH	EBX
   139 000000EC 68 000003C8                     	PUSH	968
   140 000000F1 E8 [00000000]                   	CALL	_io_out8
   141 000000F6 39 FB                           	CMP	EBX,EDI
   142 000000F8 58                              	POP	EAX
   143 000000F9 5A                              	POP	EDX
   144 000000FA 7E 12                           	JLE	L28
   145 000000FC                                 L30:
   146 000000FC 8B 45 F0                        	MOV	EAX,DWORD [-16+EBP]
   147 000000FF 89 45 08                        	MOV	DWORD [8+EBP],EAX
   148 00000102 8D 65 F4                        	LEA	ESP,DWORD [-12+EBP]
   149 00000105 5B                              	POP	EBX
   150 00000106 5E                              	POP	ESI
   151 00000107 5F                              	POP	EDI
   152 00000108 5D                              	POP	EBP
   153 00000109 E9 [00000000]                   	JMP	_io_store_eflags
   154 0000010E                                 L28:
   155 0000010E 8A 06                           	MOV	AL,BYTE [ESI]
   156 00000110 43                              	INC	EBX
   157 00000111 C0 E8 02                        	SHR	AL,2
   158 00000114 0F B6 C0                        	MOVZX	EAX,AL
   159 00000117 50                              	PUSH	EAX
   160 00000118 68 000003C9                     	PUSH	969
   161 0000011D E8 [00000000]                   	CALL	_io_out8
   162 00000122 8A 46 01                        	MOV	AL,BYTE [1+ESI]
   163 00000125 C0 E8 02                        	SHR	AL,2
   164 00000128 0F B6 C0                        	MOVZX	EAX,AL
   165 0000012B 50                              	PUSH	EAX
   166 0000012C 68 000003C9                     	PUSH	969
   167 00000131 E8 [00000000]                   	CALL	_io_out8
   168 00000136 8A 46 02                        	MOV	AL,BYTE [2+ESI]
   169 00000139 C0 E8 02                        	SHR	AL,2
   170 0000013C 83 C6 03                        	ADD	ESI,3
   171 0000013F 0F B6 C0                        	MOVZX	EAX,AL
   172 00000142 50                              	PUSH	EAX
   173 00000143 68 000003C9                     	PUSH	969
   174 00000148 E8 [00000000]                   	CALL	_io_out8
   175 0000014D 83 C4 18                        	ADD	ESP,24
   176 00000150 39 FB                           	CMP	EBX,EDI
   177 00000152 7E BA                           	JLE	L28
   178 00000154 EB A6                           	JMP	L30
   179 00000156                                 	GLOBAL	_boxfill8
   180 00000156                                 _boxfill8:
   181 00000156 55                              	PUSH	EBP
   182 00000157 89 E5                           	MOV	EBP,ESP
   183 00000159 57                              	PUSH	EDI
   184 0000015A 56                              	PUSH	ESI
   185 0000015B 53                              	PUSH	EBX
   186 0000015C 57                              	PUSH	EDI
   187 0000015D 57                              	PUSH	EDI
   188 0000015E 8A 45 10                        	MOV	AL,BYTE [16+EBP]
   189 00000161 8B 4D 18                        	MOV	ECX,DWORD [24+EBP]
   190 00000164 8B 7D 1C                        	MOV	EDI,DWORD [28+EBP]
   191 00000167 88 45 F3                        	MOV	BYTE [-13+EBP],AL
   192 0000016A 3B 4D 20                        	CMP	ECX,DWORD [32+EBP]
   193 0000016D 7F 31                           	JG	L43
   194 0000016F 8B 5D 0C                        	MOV	EBX,DWORD [12+EBP]
   195 00000172 0F AF D9                        	IMUL	EBX,ECX
   196 00000175                                 L41:
   197 00000175 8B 55 14                        	MOV	EDX,DWORD [20+EBP]
   198 00000178 39 FA                           	CMP	EDX,EDI
   199 0000017A 7F 1B                           	JG	L45
   200 0000017C 8B 75 08                        	MOV	ESI,DWORD [8+EBP]
   201 0000017F 01 DE                           	ADD	ESI,EBX
   202 00000181 01 D6                           	ADD	ESI,EDX
   203 00000183 89 75 EC                        	MOV	DWORD [-20+EBP],ESI
   204 00000186                                 L40:
   205 00000186 8B 75 EC                        	MOV	ESI,DWORD [-20+EBP]
   206 00000189 8A 45 F3                        	MOV	AL,BYTE [-13+EBP]
   207 0000018C 42                              	INC	EDX
   208 0000018D 88 06                           	MOV	BYTE [ESI],AL
   209 0000018F 46                              	INC	ESI
   210 00000190 89 75 EC                        	MOV	DWORD [-20+EBP],ESI
   211 00000193 39 FA                           	CMP	EDX,EDI
   212 00000195 7E EF                           	JLE	L40
   213 00000197                                 L45:
   214 00000197 41                              	INC	ECX
   215 00000198 03 5D 0C                        	ADD	EBX,DWORD [12+EBP]
   216 0000019B 3B 4D 20                        	CMP	ECX,DWORD [32+EBP]
   217 0000019E 7E D5                           	JLE	L41
   218 000001A0                                 L43:
   219 000001A0 5B                              	POP	EBX
   220 000001A1 5E                              	POP	ESI
   221 000001A2 5B                              	POP	EBX
   222 000001A3 5E                              	POP	ESI
   223 000001A4 5F                              	POP	EDI
   224 000001A5 5D                              	POP	EBP
   225 000001A6 C3                              	RET
   226 000001A7                                 	GLOBAL	_init_screen
   227 000001A7                                 _init_screen:
   228 000001A7 55                              	PUSH	EBP
   229 000001A8 89 E5                           	MOV	EBP,ESP
   230 000001AA 57                              	PUSH	EDI
   231 000001AB 56                              	PUSH	ESI
   232 000001AC 53                              	PUSH	EBX
   233 000001AD 83 EC 0C                        	SUB	ESP,12
   234 000001B0 8B 45 10                        	MOV	EAX,DWORD [16+EBP]
   235 000001B3 8B 7D 0C                        	MOV	EDI,DWORD [12+EBP]
   236 000001B6 83 E8 1D                        	SUB	EAX,29
   237 000001B9 4F                              	DEC	EDI
   238 000001BA 50                              	PUSH	EAX
   239 000001BB 57                              	PUSH	EDI
   240 000001BC 6A 00                           	PUSH	0
   241 000001BE 6A 00                           	PUSH	0
   242 000001C0 6A 0E                           	PUSH	14
   243 000001C2 FF 75 0C                        	PUSH	DWORD [12+EBP]
   244 000001C5 FF 75 08                        	PUSH	DWORD [8+EBP]
   245 000001C8 E8 FFFFFF89                     	CALL	_boxfill8
   246 000001CD 8B 45 10                        	MOV	EAX,DWORD [16+EBP]
   247 000001D0 83 E8 1C                        	SUB	EAX,28
   248 000001D3 50                              	PUSH	EAX
   249 000001D4 57                              	PUSH	EDI
   250 000001D5 50                              	PUSH	EAX
   251 000001D6 6A 00                           	PUSH	0
   252 000001D8 6A 08                           	PUSH	8
   253 000001DA FF 75 0C                        	PUSH	DWORD [12+EBP]
   254 000001DD FF 75 08                        	PUSH	DWORD [8+EBP]
   255 000001E0 E8 FFFFFF71                     	CALL	_boxfill8
   256 000001E5 8B 45 10                        	MOV	EAX,DWORD [16+EBP]
   257 000001E8 83 C4 38                        	ADD	ESP,56
   258 000001EB 83 E8 1B                        	SUB	EAX,27
   259 000001EE 50                              	PUSH	EAX
   260 000001EF 57                              	PUSH	EDI
   261 000001F0 50                              	PUSH	EAX
   262 000001F1 6A 00                           	PUSH	0
   263 000001F3 6A 07                           	PUSH	7
   264 000001F5 FF 75 0C                        	PUSH	DWORD [12+EBP]
   265 000001F8 FF 75 08                        	PUSH	DWORD [8+EBP]
   266 000001FB E8 FFFFFF56                     	CALL	_boxfill8
   267 00000200 8B 45 10                        	MOV	EAX,DWORD [16+EBP]
   268 00000203 48                              	DEC	EAX
   269 00000204 50                              	PUSH	EAX
   270 00000205 8B 45 10                        	MOV	EAX,DWORD [16+EBP]
   271 00000208 57                              	PUSH	EDI
   272 00000209 83 E8 1A                        	SUB	EAX,26
   273 0000020C 50                              	PUSH	EAX
   274 0000020D 6A 00                           	PUSH	0
   275 0000020F 6A 08                           	PUSH	8
   276 00000211 FF 75 0C                        	PUSH	DWORD [12+EBP]
   277 00000214 FF 75 08                        	PUSH	DWORD [8+EBP]
   278 00000217 E8 FFFFFF3A                     	CALL	_boxfill8
   279 0000021C 8B 75 10                        	MOV	ESI,DWORD [16+EBP]
   280 0000021F 83 C4 38                        	ADD	ESP,56
   281 00000222 83 EE 18                        	SUB	ESI,24
   282 00000225 56                              	PUSH	ESI
   283 00000226 6A 3B                           	PUSH	59
   284 00000228 56                              	PUSH	ESI
   285 00000229 6A 03                           	PUSH	3
   286 0000022B 6A 07                           	PUSH	7
   287 0000022D FF 75 0C                        	PUSH	DWORD [12+EBP]
   288 00000230 FF 75 08                        	PUSH	DWORD [8+EBP]
   289 00000233 E8 FFFFFF1E                     	CALL	_boxfill8
   290 00000238 8B 45 10                        	MOV	EAX,DWORD [16+EBP]
   291 0000023B 83 E8 04                        	SUB	EAX,4
   292 0000023E 50                              	PUSH	EAX
   293 0000023F 89 45 F0                        	MOV	DWORD [-16+EBP],EAX
   294 00000242 6A 02                           	PUSH	2
   295 00000244 56                              	PUSH	ESI
   296 00000245 6A 02                           	PUSH	2
   297 00000247 6A 07                           	PUSH	7
   298 00000249 FF 75 0C                        	PUSH	DWORD [12+EBP]
   299 0000024C FF 75 08                        	PUSH	DWORD [8+EBP]
   300 0000024F E8 FFFFFF02                     	CALL	_boxfill8
   301 00000254 83 C4 38                        	ADD	ESP,56
   302 00000257 FF 75 F0                        	PUSH	DWORD [-16+EBP]
   303 0000025A 6A 3B                           	PUSH	59
   304 0000025C FF 75 F0                        	PUSH	DWORD [-16+EBP]
   305 0000025F 6A 03                           	PUSH	3
   306 00000261 6A 0F                           	PUSH	15
   307 00000263 FF 75 0C                        	PUSH	DWORD [12+EBP]
   308 00000266 FF 75 08                        	PUSH	DWORD [8+EBP]
   309 00000269 E8 FFFFFEE8                     	CALL	_boxfill8
   310 0000026E 8B 45 10                        	MOV	EAX,DWORD [16+EBP]
   311 00000271 83 E8 05                        	SUB	EAX,5
   312 00000274 50                              	PUSH	EAX
   313 00000275 8B 45 10                        	MOV	EAX,DWORD [16+EBP]
   314 00000278 6A 3B                           	PUSH	59
   315 0000027A 83 E8 17                        	SUB	EAX,23
   316 0000027D 50                              	PUSH	EAX
   317 0000027E 89 45 EC                        	MOV	DWORD [-20+EBP],EAX
   318 00000281 6A 3B                           	PUSH	59
   319 00000283 6A 0F                           	PUSH	15
   320 00000285 FF 75 0C                        	PUSH	DWORD [12+EBP]
   321 00000288 FF 75 08                        	PUSH	DWORD [8+EBP]
   322 0000028B E8 FFFFFEC6                     	CALL	_boxfill8
   323 00000290 8B 45 10                        	MOV	EAX,DWORD [16+EBP]
   324 00000293 83 C4 38                        	ADD	ESP,56
   325 00000296 83 E8 03                        	SUB	EAX,3
   326 00000299 89 45 E8                        	MOV	DWORD [-24+EBP],EAX
   327 0000029C 50                              	PUSH	EAX
   328 0000029D 6A 3B                           	PUSH	59
   329 0000029F 50                              	PUSH	EAX
   330 000002A0 6A 02                           	PUSH	2
   331 000002A2 6A 00                           	PUSH	0
   332 000002A4 FF 75 0C                        	PUSH	DWORD [12+EBP]
   333 000002A7 FF 75 08                        	PUSH	DWORD [8+EBP]
   334 000002AA E8 FFFFFEA7                     	CALL	_boxfill8
   335 000002AF FF 75 E8                        	PUSH	DWORD [-24+EBP]
   336 000002B2 6A 3C                           	PUSH	60
   337 000002B4 56                              	PUSH	ESI
   338 000002B5 6A 3C                           	PUSH	60
   339 000002B7 6A 00                           	PUSH	0
   340 000002B9 FF 75 0C                        	PUSH	DWORD [12+EBP]
   341 000002BC FF 75 08                        	PUSH	DWORD [8+EBP]
   342 000002BF E8 FFFFFE92                     	CALL	_boxfill8
   343 000002C4 8B 7D 0C                        	MOV	EDI,DWORD [12+EBP]
   344 000002C7 83 C4 38                        	ADD	ESP,56
   345 000002CA 8B 5D 0C                        	MOV	EBX,DWORD [12+EBP]
   346 000002CD 83 EB 04                        	SUB	EBX,4
   347 000002D0 83 EF 2F                        	SUB	EDI,47
   348 000002D3 56                              	PUSH	ESI
   349 000002D4 53                              	PUSH	EBX
   350 000002D5 56                              	PUSH	ESI
   351 000002D6 57                              	PUSH	EDI
   352 000002D7 6A 0F                           	PUSH	15
   353 000002D9 FF 75 0C                        	PUSH	DWORD [12+EBP]
   354 000002DC FF 75 08                        	PUSH	DWORD [8+EBP]
   355 000002DF E8 FFFFFE72                     	CALL	_boxfill8
   356 000002E4 FF 75 F0                        	PUSH	DWORD [-16+EBP]
   357 000002E7 57                              	PUSH	EDI
   358 000002E8 FF 75 EC                        	PUSH	DWORD [-20+EBP]
   359 000002EB 57                              	PUSH	EDI
   360 000002EC 6A 0F                           	PUSH	15
   361 000002EE FF 75 0C                        	PUSH	DWORD [12+EBP]
   362 000002F1 FF 75 08                        	PUSH	DWORD [8+EBP]
   363 000002F4 E8 FFFFFE5D                     	CALL	_boxfill8
   364 000002F9 83 C4 38                        	ADD	ESP,56
   365 000002FC FF 75 E8                        	PUSH	DWORD [-24+EBP]
   366 000002FF 53                              	PUSH	EBX
   367 00000300 FF 75 E8                        	PUSH	DWORD [-24+EBP]
   368 00000303 57                              	PUSH	EDI
   369 00000304 6A 07                           	PUSH	7
   370 00000306 FF 75 0C                        	PUSH	DWORD [12+EBP]
   371 00000309 FF 75 08                        	PUSH	DWORD [8+EBP]
   372 0000030C E8 FFFFFE45                     	CALL	_boxfill8
   373 00000311 8B 45 0C                        	MOV	EAX,DWORD [12+EBP]
   374 00000314 FF 75 E8                        	PUSH	DWORD [-24+EBP]
   375 00000317 83 E8 03                        	SUB	EAX,3
   376 0000031A 50                              	PUSH	EAX
   377 0000031B 56                              	PUSH	ESI
   378 0000031C 50                              	PUSH	EAX
   379 0000031D 6A 07                           	PUSH	7
   380 0000031F FF 75 0C                        	PUSH	DWORD [12+EBP]
   381 00000322 FF 75 08                        	PUSH	DWORD [8+EBP]
   382 00000325 E8 FFFFFE2C                     	CALL	_boxfill8
   383 0000032A 8D 65 F4                        	LEA	ESP,DWORD [-12+EBP]
   384 0000032D 5B                              	POP	EBX
   385 0000032E 5E                              	POP	ESI
   386 0000032F 5F                              	POP	EDI
   387 00000330 5D                              	POP	EBP
   388 00000331 C3                              	RET
   389 00000332                                 	GLOBAL	_putfont8
   390 00000332                                 _putfont8:
   391 00000332 55                              	PUSH	EBP
   392 00000333 89 E5                           	MOV	EBP,ESP
   393 00000335 57                              	PUSH	EDI
   394 00000336 56                              	PUSH	ESI
   395 00000337 53                              	PUSH	EBX
   396 00000338 31 DB                           	XOR	EBX,EBX
   397 0000033A 51                              	PUSH	ECX
   398 0000033B 51                              	PUSH	ECX
   399 0000033C 8A 45 18                        	MOV	AL,BYTE [24+EBP]
   400 0000033F 8B 7D 14                        	MOV	EDI,DWORD [20+EBP]
   401 00000342 88 45 F3                        	MOV	BYTE [-13+EBP],AL
   402 00000345                                 L58:
   403 00000345 8D 04 3B                        	LEA	EAX,DWORD [EBX+EDI*1]
   404 00000348 8B 75 1C                        	MOV	ESI,DWORD [28+EBP]
   405 0000034B 0F AF 45 0C                     	IMUL	EAX,DWORD [12+EBP]
   406 0000034F 03 45 08                        	ADD	EAX,DWORD [8+EBP]
   407 00000352 31 C9                           	XOR	ECX,ECX
   408 00000354 03 45 10                        	ADD	EAX,DWORD [16+EBP]
   409 00000357 89 45 EC                        	MOV	DWORD [-20+EBP],EAX
   410 0000035A 8A 14 33                        	MOV	DL,BYTE [EBX+ESI*1]
   411 0000035D                                 L57:
   412 0000035D 84 D2                           	TEST	DL,DL
   413 0000035F 79 09                           	JNS	L54
   414 00000361 8B 75 EC                        	MOV	ESI,DWORD [-20+EBP]
   415 00000364 8A 45 F3                        	MOV	AL,BYTE [-13+EBP]
   416 00000367 88 04 31                        	MOV	BYTE [ECX+ESI*1],AL
   417 0000036A                                 L54:
   418 0000036A 41                              	INC	ECX
   419 0000036B 01 D2                           	ADD	EDX,EDX
   420 0000036D 83 F9 07                        	CMP	ECX,7
   421 00000370 7E EB                           	JLE	L57
   422 00000372 43                              	INC	EBX
   423 00000373 83 FB 0F                        	CMP	EBX,15
   424 00000376 7E CD                           	JLE	L58
   425 00000378 58                              	POP	EAX
   426 00000379 5A                              	POP	EDX
   427 0000037A 5B                              	POP	EBX
   428 0000037B 5E                              	POP	ESI
   429 0000037C 5F                              	POP	EDI
   430 0000037D 5D                              	POP	EBP
   431 0000037E C3                              	RET
   432 0000037F                                 	GLOBAL	_putfonts8_asc
   433 0000037F                                 _putfonts8_asc:
   434 0000037F 55                              	PUSH	EBP
   435 00000380 89 E5                           	MOV	EBP,ESP
   436 00000382 57                              	PUSH	EDI
   437 00000383 56                              	PUSH	ESI
   438 00000384 53                              	PUSH	EBX
   439 00000385 53                              	PUSH	EBX
   440 00000386 8B 5D 1C                        	MOV	EBX,DWORD [28+EBP]
   441 00000389 8A 45 18                        	MOV	AL,BYTE [24+EBP]
   442 0000038C 88 45 F3                        	MOV	BYTE [-13+EBP],AL
   443 0000038F 8B 75 10                        	MOV	ESI,DWORD [16+EBP]
   444 00000392 8B 7D 14                        	MOV	EDI,DWORD [20+EBP]
   445 00000395 80 3B 00                        	CMP	BYTE [EBX],0
   446 00000398 75 08                           	JNE	L68
   447 0000039A                                 L70:
   448 0000039A 8D 65 F4                        	LEA	ESP,DWORD [-12+EBP]
   449 0000039D 5B                              	POP	EBX
   450 0000039E 5E                              	POP	ESI
   451 0000039F 5F                              	POP	EDI
   452 000003A0 5D                              	POP	EBP
   453 000003A1 C3                              	RET
   454 000003A2                                 L68:
   455 000003A2 0F B6 03                        	MOVZX	EAX,BYTE [EBX]
   456 000003A5 C1 E0 04                        	SAL	EAX,4
   457 000003A8 43                              	INC	EBX
   458 000003A9 05 [00000000]                   	ADD	EAX,_hankaku
   459 000003AE 50                              	PUSH	EAX
   460 000003AF 0F BE 45 F3                     	MOVSX	EAX,BYTE [-13+EBP]
   461 000003B3 50                              	PUSH	EAX
   462 000003B4 57                              	PUSH	EDI
   463 000003B5 56                              	PUSH	ESI
   464 000003B6 83 C6 08                        	ADD	ESI,8
   465 000003B9 FF 75 0C                        	PUSH	DWORD [12+EBP]
   466 000003BC FF 75 08                        	PUSH	DWORD [8+EBP]
   467 000003BF E8 FFFFFF6E                     	CALL	_putfont8
   468 000003C4 83 C4 18                        	ADD	ESP,24
   469 000003C7 80 3B 00                        	CMP	BYTE [EBX],0
   470 000003CA 75 D6                           	JNE	L68
   471 000003CC EB CC                           	JMP	L70
   472                                          [SECTION .data]
   473 00000030                                 _cursor.1:
   474 00000030 2A 2A 2A 2A 2A 2A 2E 2E         	DB	"******.."
   475 00000038 2A 4F 2A 4F 2A 2E 2E 2E         	DB	"*O*O*..."
   476 00000040 2A 2A 4F 2A 2E 2E 2E 2E         	DB	"**O*...."
   477 00000048 2A 4F 2A 4F 2A 2E 2E 2E         	DB	"*O*O*..."
   478 00000050 2A 2A 2E 2A 4F 2A 2E 2E         	DB	"**.*O*.."
   479 00000058 2A 2E 2E 2E 2A 4F 2A 2E         	DB	"*...*O*."
   480 00000060 2E 2E 2E 2E 2E 2A 4F 2A         	DB	".....*O*"
   481 00000068 2E 2E 2E 2E 2E 2E 2A 2E         	DB	"......*."
   482                                          [SECTION .text]
   483 000003CE                                 	GLOBAL	_init_mouse_cursor8
   484 000003CE                                 _init_mouse_cursor8:
   485 000003CE 55                              	PUSH	EBP
   486 000003CF 89 E5                           	MOV	EBP,ESP
   487 000003D1 57                              	PUSH	EDI
   488 000003D2 56                              	PUSH	ESI
   489 000003D3 31 FF                           	XOR	EDI,EDI
   490 000003D5 53                              	PUSH	EBX
   491 000003D6 31 F6                           	XOR	ESI,ESI
   492 000003D8 83 EC 10                        	SUB	ESP,16
   493 000003DB 8A 45 0C                        	MOV	AL,BYTE [12+EBP]
   494 000003DE 88 45 F3                        	MOV	BYTE [-13+EBP],AL
   495 000003E1 C7 45 EC 00000000               	MOV	DWORD [-20+EBP],0
   496 000003E8 C7 45 E8 00000000               	MOV	DWORD [-24+EBP],0
   497 000003EF                                 L84:
   498 000003EF 8B 4D EC                        	MOV	ECX,DWORD [-20+EBP]
   499 000003F2 8B 55 E8                        	MOV	EDX,DWORD [-24+EBP]
   500 000003F5 8B 45 08                        	MOV	EAX,DWORD [8+EBP]
   501 000003F8 31 DB                           	XOR	EBX,EBX
   502 000003FA 01 F8                           	ADD	EAX,EDI
   503 000003FC 03 4D 08                        	ADD	ECX,DWORD [8+EBP]
   504 000003FF 03 55 08                        	ADD	EDX,DWORD [8+EBP]
   505 00000402 89 45 E4                        	MOV	DWORD [-28+EBP],EAX
   506 00000405                                 L83:
   507 00000405 80 BC F3 [00000030] 2A          	CMP	BYTE [_cursor.1+EBX+ESI*8],42
   508 0000040D 74 44                           	JE	L89
   509 0000040F                                 L80:
   510 0000040F 80 BC F3 [00000030] 4F          	CMP	BYTE [_cursor.1+EBX+ESI*8],79
   511 00000417 74 35                           	JE	L90
   512 00000419                                 L81:
   513 00000419 80 BC F3 [00000030] 2E          	CMP	BYTE [_cursor.1+EBX+ESI*8],46
   514 00000421 74 24                           	JE	L91
   515 00000423                                 L78:
   516 00000423 43                              	INC	EBX
   517 00000424 41                              	INC	ECX
   518 00000425 42                              	INC	EDX
   519 00000426 FF 45 E4                        	INC	DWORD [-28+EBP]
   520 00000429 83 FB 07                        	CMP	EBX,7
   521 0000042C 7E D7                           	JLE	L83
   522 0000042E 46                              	INC	ESI
   523 0000042F 83 C7 08                        	ADD	EDI,8
   524 00000432 83 45 EC 08                     	ADD	DWORD [-20+EBP],8
   525 00000436 83 45 E8 08                     	ADD	DWORD [-24+EBP],8
   526 0000043A 83 FE 07                        	CMP	ESI,7
   527 0000043D 7E B0                           	JLE	L84
   528 0000043F 83 C4 10                        	ADD	ESP,16
   529 00000442 5B                              	POP	EBX
   530 00000443 5E                              	POP	ESI
   531 00000444 5F                              	POP	EDI
   532 00000445 5D                              	POP	EBP
   533 00000446 C3                              	RET
   534 00000447                                 L91:
   535 00000447 8A 45 F3                        	MOV	AL,BYTE [-13+EBP]
   536 0000044A 88 01                           	MOV	BYTE [ECX],AL
   537 0000044C EB D5                           	JMP	L78
   538 0000044E                                 L90:
   539 0000044E C6 02 07                        	MOV	BYTE [EDX],7
   540 00000451 EB C6                           	JMP	L81
   541 00000453                                 L89:
   542 00000453 8B 45 E4                        	MOV	EAX,DWORD [-28+EBP]
   543 00000456 C6 00 00                        	MOV	BYTE [EAX],0
   544 00000459 EB B4                           	JMP	L80
   545 0000045B                                 	GLOBAL	_putblock8_8
   546 0000045B                                 _putblock8_8:
   547 0000045B 55                              	PUSH	EBP
   548 0000045C 89 E5                           	MOV	EBP,ESP
   549 0000045E 57                              	PUSH	EDI
   550 0000045F 56                              	PUSH	ESI
   551 00000460 31 F6                           	XOR	ESI,ESI
   552 00000462 53                              	PUSH	EBX
   553 00000463 83 EC 0C                        	SUB	ESP,12
   554 00000466 3B 75 14                        	CMP	ESI,DWORD [20+EBP]
   555 00000469 7D 3E                           	JGE	L104
   556 0000046B 31 FF                           	XOR	EDI,EDI
   557 0000046D                                 L102:
   558 0000046D 31 DB                           	XOR	EBX,EBX
   559 0000046F 3B 5D 10                        	CMP	EBX,DWORD [16+EBP]
   560 00000472 7D 2C                           	JGE	L106
   561 00000474 8B 45 20                        	MOV	EAX,DWORD [32+EBP]
   562 00000477 01 F8                           	ADD	EAX,EDI
   563 00000479 89 45 EC                        	MOV	DWORD [-20+EBP],EAX
   564 0000047C                                 L101:
   565 0000047C 8B 45 1C                        	MOV	EAX,DWORD [28+EBP]
   566 0000047F 8B 55 18                        	MOV	EDX,DWORD [24+EBP]
   567 00000482 01 F0                           	ADD	EAX,ESI
   568 00000484 01 DA                           	ADD	EDX,EBX
   569 00000486 0F AF 45 0C                     	IMUL	EAX,DWORD [12+EBP]
   570 0000048A 01 D0                           	ADD	EAX,EDX
   571 0000048C 8B 4D 08                        	MOV	ECX,DWORD [8+EBP]
   572 0000048F 8B 55 EC                        	MOV	EDX,DWORD [-20+EBP]
   573 00000492 43                              	INC	EBX
   574 00000493 8A 12                           	MOV	DL,BYTE [EDX]
   575 00000495 88 14 08                        	MOV	BYTE [EAX+ECX*1],DL
   576 00000498 FF 45 EC                        	INC	DWORD [-20+EBP]
   577 0000049B 3B 5D 10                        	CMP	EBX,DWORD [16+EBP]
   578 0000049E 7C DC                           	JL	L101
   579 000004A0                                 L106:
   580 000004A0 46                              	INC	ESI
   581 000004A1 03 7D 24                        	ADD	EDI,DWORD [36+EBP]
   582 000004A4 3B 75 14                        	CMP	ESI,DWORD [20+EBP]
   583 000004A7 7C C4                           	JL	L102
   584 000004A9                                 L104:
   585 000004A9 83 C4 0C                        	ADD	ESP,12
   586 000004AC 5B                              	POP	EBX
   587 000004AD 5E                              	POP	ESI
   588 000004AE 5F                              	POP	EDI
   589 000004AF 5D                              	POP	EBP
   590 000004B0 C3                              	RET
   591 000004B1                                 	GLOBAL	_putfonts8_asc_sht
   592 000004B1                                 _putfonts8_asc_sht:
   593 000004B1 55                              	PUSH	EBP
   594 000004B2 89 E5                           	MOV	EBP,ESP
   595 000004B4 57                              	PUSH	EDI
   596 000004B5 56                              	PUSH	ESI
   597 000004B6 53                              	PUSH	EBX
   598 000004B7 83 EC 0C                        	SUB	ESP,12
   599 000004BA 8B 45 08                        	MOV	EAX,DWORD [8+EBP]
   600 000004BD 8B 7D 10                        	MOV	EDI,DWORD [16+EBP]
   601 000004C0 89 45 F0                        	MOV	DWORD [-16+EBP],EAX
   602 000004C3 8B 5D 14                        	MOV	EBX,DWORD [20+EBP]
   603 000004C6 8B 45 0C                        	MOV	EAX,DWORD [12+EBP]
   604 000004C9 89 45 EC                        	MOV	DWORD [-20+EBP],EAX
   605 000004CC 8B 45 1C                        	MOV	EAX,DWORD [28+EBP]
   606 000004CF 89 45 E8                        	MOV	DWORD [-24+EBP],EAX
   607 000004D2 8D 47 0F                        	LEA	EAX,DWORD [15+EDI]
   608 000004D5 50                              	PUSH	EAX
   609 000004D6 8B 45 EC                        	MOV	EAX,DWORD [-20+EBP]
   610 000004D9 8B 75 20                        	MOV	ESI,DWORD [32+EBP]
   611 000004DC 0F BE DB                        	MOVSX	EBX,BL
   612 000004DF 8D 34 F0                        	LEA	ESI,DWORD [EAX+ESI*8]
   613 000004E2 8D 46 FF                        	LEA	EAX,DWORD [-1+ESI]
   614 000004E5 50                              	PUSH	EAX
   615 000004E6 57                              	PUSH	EDI
   616 000004E7 FF 75 EC                        	PUSH	DWORD [-20+EBP]
   617 000004EA 0F B6 45 18                     	MOVZX	EAX,BYTE [24+EBP]
   618 000004EE 50                              	PUSH	EAX
   619 000004EF 8B 45 F0                        	MOV	EAX,DWORD [-16+EBP]
   620 000004F2 FF 70 04                        	PUSH	DWORD [4+EAX]
   621 000004F5 FF 30                           	PUSH	DWORD [EAX]
   622 000004F7 E8 FFFFFC5A                     	CALL	_boxfill8
   623 000004FC FF 75 E8                        	PUSH	DWORD [-24+EBP]
   624 000004FF 53                              	PUSH	EBX
   625 00000500 57                              	PUSH	EDI
   626 00000501 FF 75 EC                        	PUSH	DWORD [-20+EBP]
   627 00000504 8B 45 F0                        	MOV	EAX,DWORD [-16+EBP]
   628 00000507 FF 70 04                        	PUSH	DWORD [4+EAX]
   629 0000050A FF 30                           	PUSH	DWORD [EAX]
   630 0000050C E8 FFFFFE6E                     	CALL	_putfonts8_asc
   631 00000511 89 7D 10                        	MOV	DWORD [16+EBP],EDI
   632 00000514 8D 47 10                        	LEA	EAX,DWORD [16+EDI]
   633 00000517 89 75 14                        	MOV	DWORD [20+EBP],ESI
   634 0000051A 89 45 18                        	MOV	DWORD [24+EBP],EAX
   635 0000051D 83 C4 34                        	ADD	ESP,52
   636 00000520 8B 45 EC                        	MOV	EAX,DWORD [-20+EBP]
   637 00000523 89 45 0C                        	MOV	DWORD [12+EBP],EAX
   638 00000526 8B 45 F0                        	MOV	EAX,DWORD [-16+EBP]
   639 00000529 89 45 08                        	MOV	DWORD [8+EBP],EAX
   640 0000052C 8D 65 F4                        	LEA	ESP,DWORD [-12+EBP]
   641 0000052F 5B                              	POP	EBX
   642 00000530 5E                              	POP	ESI
   643 00000531 5F                              	POP	EDI
   644 00000532 5D                              	POP	EBP
   645 00000533 E9 [00000000]                   	JMP	_sheet_refresh
