     1 00000000                                 [FORMAT "WCOFF"]
     2 00000000                                 [INSTRSET "i486p"]
     3 00000000                                 [OPTIMIZE 1]
     4 00000000                                 [OPTION 1]
     5 00000000                                 [BITS 32]
     6 00000000                                 	EXTERN	_boxfill8
     7 00000000                                 	EXTERN	_putfonts8_asc
     8 00000000                                 	EXTERN	_closebtn.0
     9 00000000                                 	EXTERN	_sheet_refresh
    10 00000000                                 [FILE "window.c"]
    11                                          [SECTION .data]
    12 00000000                                 _closebtn.0:
    13 00000000 4F 4F 4F 4F 4F 4F 4F 4F 4F 4F   	DB	"OOOOOOOOOOOOOOO@"
       0000000A 4F 4F 4F 4F 4F 40 
    14 00000010 4F 51 51 51 51 51 51 51 51 51   	DB	"OQQQQQQQQQQQQQ$@"
       0000001A 51 51 51 51 24 40 
    15 00000020 4F 51 51 51 51 51 51 51 51 51   	DB	"OQQQQQQQQQQQQQ$@"
       0000002A 51 51 51 51 24 40 
    16 00000030 4F 51 51 51 40 40 51 51 51 51   	DB	"OQQQ@@QQQQ@@QQ$@"
       0000003A 40 40 51 51 24 40 
    17 00000040 4F 51 51 51 51 40 40 51 51 40   	DB	"OQQQQ@@QQ@@QQQ$@"
       0000004A 40 51 51 51 24 40 
    18 00000050 4F 51 51 51 51 51 40 40 40 40   	DB	"OQQQQQ@@@@QQQQ$@"
       0000005A 51 51 51 51 24 40 
    19 00000060 4F 51 51 51 51 51 51 40 40 51   	DB	"OQQQQQQ@@QQQQQ$@"
       0000006A 51 51 51 51 24 40 
    20 00000070 4F 51 51 51 51 51 40 40 40 40   	DB	"OQQQQQ@@@@QQQQ$@"
       0000007A 51 51 51 51 24 40 
    21 00000080 4F 51 51 51 51 40 40 51 51 40   	DB	"OQQQQ@@QQ@@QQQ$@"
       0000008A 40 51 51 51 24 40 
    22 00000090 4F 51 51 51 40 40 51 51 51 51   	DB	"OQQQ@@QQQQ@@QQ$@"
       0000009A 40 40 51 51 24 40 
    23 000000A0 4F 51 51 51 51 51 51 51 51 51   	DB	"OQQQQQQQQQQQQQ$@"
       000000AA 51 51 51 51 24 40 
    24 000000B0 4F 51 51 51 51 51 51 51 51 51   	DB	"OQQQQQQQQQQQQQ$@"
       000000BA 51 51 51 51 24 40 
    25 000000C0 4F 24 24 24 24 24 24 24 24 24   	DB	"O$$$$$$$$$$$$$$@"
       000000CA 24 24 24 24 24 40 
    26 000000D0 40 40 40 40 40 40 40 40 40 40   	DB	"@@@@@@@@@@@@@@@@"
       000000DA 40 40 40 40 40 40 
    27                                          [SECTION .text]
    28 00000000                                 	GLOBAL	_make_wtitle8
    29 00000000                                 _make_wtitle8:
    30 00000000 55                              	PUSH	EBP
    31 00000001 89 E5                           	MOV	EBP,ESP
    32 00000003 57                              	PUSH	EDI
    33 00000004 56                              	PUSH	ESI
    34 00000005 53                              	PUSH	EBX
    35 00000006 50                              	PUSH	EAX
    36 00000007 80 7D 14 00                     	CMP	BYTE [20+EBP],0
    37 0000000B 0F 84 00000097                  	JE	L2
    38 00000011 B3 07                           	MOV	BL,7
    39 00000013 B2 0C                           	MOV	DL,12
    40 00000015                                 L3:
    41 00000015 8B 45 0C                        	MOV	EAX,DWORD [12+EBP]
    42 00000018 6A 14                           	PUSH	20
    43 0000001A 83 E8 04                        	SUB	EAX,4
    44 0000001D 31 FF                           	XOR	EDI,EDI
    45 0000001F 50                              	PUSH	EAX
    46 00000020 6A 03                           	PUSH	3
    47 00000022 6A 03                           	PUSH	3
    48 00000024 0F B6 C2                        	MOVZX	EAX,DL
    49 00000027 50                              	PUSH	EAX
    50 00000028 FF 75 0C                        	PUSH	DWORD [12+EBP]
    51 0000002B FF 75 08                        	PUSH	DWORD [8+EBP]
    52 0000002E E8 [00000000]                   	CALL	_boxfill8
    53 00000033 FF 75 10                        	PUSH	DWORD [16+EBP]
    54 00000036 0F BE C3                        	MOVSX	EAX,BL
    55 00000039 50                              	PUSH	EAX
    56 0000003A 6A 04                           	PUSH	4
    57 0000003C 6A 18                           	PUSH	24
    58 0000003E FF 75 0C                        	PUSH	DWORD [12+EBP]
    59 00000041 FF 75 08                        	PUSH	DWORD [8+EBP]
    60 00000044 E8 [00000000]                   	CALL	_putfonts8_asc
    61 00000049 83 C4 34                        	ADD	ESP,52
    62 0000004C 6B 5D 0C 05                     	IMUL	EBX,DWORD [12+EBP],5
    63 00000050 C7 45 F0 00000000               	MOV	DWORD [-16+EBP],0
    64 00000057                                 L19:
    65 00000057 8B 45 0C                        	MOV	EAX,DWORD [12+EBP]
    66 0000005A 8B 55 08                        	MOV	EDX,DWORD [8+EBP]
    67 0000005D 01 D8                           	ADD	EAX,EBX
    68 0000005F 31 F6                           	XOR	ESI,ESI
    69 00000061 8D 4C 02 EB                     	LEA	ECX,DWORD [-21+EDX+EAX*1]
    70 00000065                                 L18:
    71 00000065 8A 94 3E [00000000]             	MOV	DL,BYTE [_closebtn.0+ESI+EDI*1]
    72 0000006C 80 FA 40                        	CMP	DL,64
    73 0000006F 74 33                           	JE	L24
    74 00000071 80 FA 24                        	CMP	DL,36
    75 00000074 74 2A                           	JE	L25
    76 00000076 80 FA 51                        	CMP	DL,81
    77 00000079 B2 08                           	MOV	DL,8
    78 0000007B 0F 95 C0                        	SETNE	AL
    79 0000007E 28 C2                           	SUB	DL,AL
    80 00000080                                 L13:
    81 00000080 46                              	INC	ESI
    82 00000081 88 11                           	MOV	BYTE [ECX],DL
    83 00000083 41                              	INC	ECX
    84 00000084 83 FE 0F                        	CMP	ESI,15
    85 00000087 7E DC                           	JLE	L18
    86 00000089 FF 45 F0                        	INC	DWORD [-16+EBP]
    87 0000008C 83 C7 10                        	ADD	EDI,16
    88 0000008F 03 5D 0C                        	ADD	EBX,DWORD [12+EBP]
    89 00000092 83 7D F0 0D                     	CMP	DWORD [-16+EBP],13
    90 00000096 7E BF                           	JLE	L19
    91 00000098 8D 65 F4                        	LEA	ESP,DWORD [-12+EBP]
    92 0000009B 5B                              	POP	EBX
    93 0000009C 5E                              	POP	ESI
    94 0000009D 5F                              	POP	EDI
    95 0000009E 5D                              	POP	EBP
    96 0000009F C3                              	RET
    97 000000A0                                 L25:
    98 000000A0 B2 0F                           	MOV	DL,15
    99 000000A2 EB DC                           	JMP	L13
   100 000000A4                                 L24:
   101 000000A4 31 D2                           	XOR	EDX,EDX
   102 000000A6 EB D8                           	JMP	L13
   103 000000A8                                 L2:
   104 000000A8 B3 08                           	MOV	BL,8
   105 000000AA B2 0F                           	MOV	DL,15
   106 000000AC E9 FFFFFF64                     	JMP	L3
   107 000000B1                                 	GLOBAL	_make_window8
   108 000000B1                                 _make_window8:
   109 000000B1 55                              	PUSH	EBP
   110 000000B2 89 E5                           	MOV	EBP,ESP
   111 000000B4 57                              	PUSH	EDI
   112 000000B5 56                              	PUSH	ESI
   113 000000B6 53                              	PUSH	EBX
   114 000000B7 83 EC 18                        	SUB	ESP,24
   115 000000BA 8B 45 10                        	MOV	EAX,DWORD [16+EBP]
   116 000000BD 8B 5D 0C                        	MOV	EBX,DWORD [12+EBP]
   117 000000C0 89 45 F0                        	MOV	DWORD [-16+EBP],EAX
   118 000000C3 8B 75 08                        	MOV	ESI,DWORD [8+EBP]
   119 000000C6 8B 45 14                        	MOV	EAX,DWORD [20+EBP]
   120 000000C9 89 45 EC                        	MOV	DWORD [-20+EBP],EAX
   121 000000CC 0F BE 45 18                     	MOVSX	EAX,BYTE [24+EBP]
   122 000000D0 89 45 E8                        	MOV	DWORD [-24+EBP],EAX
   123 000000D3 8D 43 FF                        	LEA	EAX,DWORD [-1+EBX]
   124 000000D6 6A 00                           	PUSH	0
   125 000000D8 89 45 E4                        	MOV	DWORD [-28+EBP],EAX
   126 000000DB 50                              	PUSH	EAX
   127 000000DC 6A 00                           	PUSH	0
   128 000000DE 6A 00                           	PUSH	0
   129 000000E0 6A 08                           	PUSH	8
   130 000000E2 53                              	PUSH	EBX
   131 000000E3 56                              	PUSH	ESI
   132 000000E4 E8 [00000000]                   	CALL	_boxfill8
   133 000000E9 8D 43 FE                        	LEA	EAX,DWORD [-2+EBX]
   134 000000EC 6A 01                           	PUSH	1
   135 000000EE 89 45 E0                        	MOV	DWORD [-32+EBP],EAX
   136 000000F1 50                              	PUSH	EAX
   137 000000F2 6A 01                           	PUSH	1
   138 000000F4 6A 01                           	PUSH	1
   139 000000F6 6A 07                           	PUSH	7
   140 000000F8 53                              	PUSH	EBX
   141 000000F9 56                              	PUSH	ESI
   142 000000FA E8 [00000000]                   	CALL	_boxfill8
   143 000000FF 8B 45 F0                        	MOV	EAX,DWORD [-16+EBP]
   144 00000102 83 C4 38                        	ADD	ESP,56
   145 00000105 48                              	DEC	EAX
   146 00000106 89 45 DC                        	MOV	DWORD [-36+EBP],EAX
   147 00000109 50                              	PUSH	EAX
   148 0000010A 6A 00                           	PUSH	0
   149 0000010C 6A 00                           	PUSH	0
   150 0000010E 6A 00                           	PUSH	0
   151 00000110 6A 08                           	PUSH	8
   152 00000112 53                              	PUSH	EBX
   153 00000113 56                              	PUSH	ESI
   154 00000114 E8 [00000000]                   	CALL	_boxfill8
   155 00000119 8B 7D F0                        	MOV	EDI,DWORD [-16+EBP]
   156 0000011C 83 EF 02                        	SUB	EDI,2
   157 0000011F 57                              	PUSH	EDI
   158 00000120 6A 01                           	PUSH	1
   159 00000122 6A 01                           	PUSH	1
   160 00000124 6A 01                           	PUSH	1
   161 00000126 6A 07                           	PUSH	7
   162 00000128 53                              	PUSH	EBX
   163 00000129 56                              	PUSH	ESI
   164 0000012A E8 [00000000]                   	CALL	_boxfill8
   165 0000012F 83 C4 38                        	ADD	ESP,56
   166 00000132 57                              	PUSH	EDI
   167 00000133 FF 75 E0                        	PUSH	DWORD [-32+EBP]
   168 00000136 6A 01                           	PUSH	1
   169 00000138 FF 75 E0                        	PUSH	DWORD [-32+EBP]
   170 0000013B 6A 0F                           	PUSH	15
   171 0000013D 53                              	PUSH	EBX
   172 0000013E 56                              	PUSH	ESI
   173 0000013F E8 [00000000]                   	CALL	_boxfill8
   174 00000144 FF 75 DC                        	PUSH	DWORD [-36+EBP]
   175 00000147 FF 75 E4                        	PUSH	DWORD [-28+EBP]
   176 0000014A 6A 00                           	PUSH	0
   177 0000014C FF 75 E4                        	PUSH	DWORD [-28+EBP]
   178 0000014F 6A 00                           	PUSH	0
   179 00000151 53                              	PUSH	EBX
   180 00000152 56                              	PUSH	ESI
   181 00000153 E8 [00000000]                   	CALL	_boxfill8
   182 00000158 8B 45 F0                        	MOV	EAX,DWORD [-16+EBP]
   183 0000015B 83 C4 38                        	ADD	ESP,56
   184 0000015E 83 E8 03                        	SUB	EAX,3
   185 00000161 50                              	PUSH	EAX
   186 00000162 8D 43 FD                        	LEA	EAX,DWORD [-3+EBX]
   187 00000165 50                              	PUSH	EAX
   188 00000166 6A 02                           	PUSH	2
   189 00000168 6A 02                           	PUSH	2
   190 0000016A 6A 08                           	PUSH	8
   191 0000016C 53                              	PUSH	EBX
   192 0000016D 56                              	PUSH	ESI
   193 0000016E E8 [00000000]                   	CALL	_boxfill8
   194 00000173 57                              	PUSH	EDI
   195 00000174 FF 75 E0                        	PUSH	DWORD [-32+EBP]
   196 00000177 57                              	PUSH	EDI
   197 00000178 6A 01                           	PUSH	1
   198 0000017A 6A 0F                           	PUSH	15
   199 0000017C 53                              	PUSH	EBX
   200 0000017D 56                              	PUSH	ESI
   201 0000017E E8 [00000000]                   	CALL	_boxfill8
   202 00000183 83 C4 38                        	ADD	ESP,56
   203 00000186 FF 75 DC                        	PUSH	DWORD [-36+EBP]
   204 00000189 FF 75 E4                        	PUSH	DWORD [-28+EBP]
   205 0000018C FF 75 DC                        	PUSH	DWORD [-36+EBP]
   206 0000018F 6A 00                           	PUSH	0
   207 00000191 6A 00                           	PUSH	0
   208 00000193 53                              	PUSH	EBX
   209 00000194 56                              	PUSH	ESI
   210 00000195 E8 [00000000]                   	CALL	_boxfill8
   211 0000019A 89 75 08                        	MOV	DWORD [8+EBP],ESI
   212 0000019D 8B 45 E8                        	MOV	EAX,DWORD [-24+EBP]
   213 000001A0 89 5D 0C                        	MOV	DWORD [12+EBP],EBX
   214 000001A3 89 45 14                        	MOV	DWORD [20+EBP],EAX
   215 000001A6 83 C4 1C                        	ADD	ESP,28
   216 000001A9 8B 45 EC                        	MOV	EAX,DWORD [-20+EBP]
   217 000001AC 89 45 10                        	MOV	DWORD [16+EBP],EAX
   218 000001AF 8D 65 F4                        	LEA	ESP,DWORD [-12+EBP]
   219 000001B2 5B                              	POP	EBX
   220 000001B3 5E                              	POP	ESI
   221 000001B4 5F                              	POP	EDI
   222 000001B5 5D                              	POP	EBP
   223 000001B6 E9 FFFFFE45                     	JMP	_make_wtitle8
   224 000001BB                                 	GLOBAL	_make_textbox8
   225 000001BB                                 _make_textbox8:
   226 000001BB 55                              	PUSH	EBP
   227 000001BC 89 E5                           	MOV	EBP,ESP
   228 000001BE 57                              	PUSH	EDI
   229 000001BF 56                              	PUSH	ESI
   230 000001C0 53                              	PUSH	EBX
   231 000001C1 83 EC 14                        	SUB	ESP,20
   232 000001C4 8B 45 0C                        	MOV	EAX,DWORD [12+EBP]
   233 000001C7 8B 75 10                        	MOV	ESI,DWORD [16+EBP]
   234 000001CA 03 45 14                        	ADD	EAX,DWORD [20+EBP]
   235 000001CD 83 EE 03                        	SUB	ESI,3
   236 000001D0 56                              	PUSH	ESI
   237 000001D1 89 45 F0                        	MOV	DWORD [-16+EBP],EAX
   238 000001D4 8B 45 10                        	MOV	EAX,DWORD [16+EBP]
   239 000001D7 03 45 18                        	ADD	EAX,DWORD [24+EBP]
   240 000001DA 89 45 EC                        	MOV	DWORD [-20+EBP],EAX
   241 000001DD 8B 45 F0                        	MOV	EAX,DWORD [-16+EBP]
   242 000001E0 40                              	INC	EAX
   243 000001E1 50                              	PUSH	EAX
   244 000001E2 89 45 E8                        	MOV	DWORD [-24+EBP],EAX
   245 000001E5 8B 45 0C                        	MOV	EAX,DWORD [12+EBP]
   246 000001E8 56                              	PUSH	ESI
   247 000001E9 83 E8 02                        	SUB	EAX,2
   248 000001EC 50                              	PUSH	EAX
   249 000001ED 89 45 E4                        	MOV	DWORD [-28+EBP],EAX
   250 000001F0 8B 45 08                        	MOV	EAX,DWORD [8+EBP]
   251 000001F3 6A 0F                           	PUSH	15
   252 000001F5 FF 70 04                        	PUSH	DWORD [4+EAX]
   253 000001F8 FF 30                           	PUSH	DWORD [EAX]
   254 000001FA E8 [00000000]                   	CALL	_boxfill8
   255 000001FF 8B 7D 0C                        	MOV	EDI,DWORD [12+EBP]
   256 00000202 8B 45 EC                        	MOV	EAX,DWORD [-20+EBP]
   257 00000205 83 EF 03                        	SUB	EDI,3
   258 00000208 40                              	INC	EAX
   259 00000209 50                              	PUSH	EAX
   260 0000020A 89 45 E0                        	MOV	DWORD [-32+EBP],EAX
   261 0000020D 57                              	PUSH	EDI
   262 0000020E 8B 45 08                        	MOV	EAX,DWORD [8+EBP]
   263 00000211 56                              	PUSH	ESI
   264 00000212 57                              	PUSH	EDI
   265 00000213 6A 0F                           	PUSH	15
   266 00000215 FF 70 04                        	PUSH	DWORD [4+EAX]
   267 00000218 FF 30                           	PUSH	DWORD [EAX]
   268 0000021A E8 [00000000]                   	CALL	_boxfill8
   269 0000021F 8B 45 08                        	MOV	EAX,DWORD [8+EBP]
   270 00000222 83 C4 38                        	ADD	ESP,56
   271 00000225 8B 5D EC                        	MOV	EBX,DWORD [-20+EBP]
   272 00000228 83 C3 02                        	ADD	EBX,2
   273 0000022B 53                              	PUSH	EBX
   274 0000022C FF 75 E8                        	PUSH	DWORD [-24+EBP]
   275 0000022F 53                              	PUSH	EBX
   276 00000230 57                              	PUSH	EDI
   277 00000231 6A 07                           	PUSH	7
   278 00000233 FF 70 04                        	PUSH	DWORD [4+EAX]
   279 00000236 FF 30                           	PUSH	DWORD [EAX]
   280 00000238 E8 [00000000]                   	CALL	_boxfill8
   281 0000023D 8B 45 F0                        	MOV	EAX,DWORD [-16+EBP]
   282 00000240 53                              	PUSH	EBX
   283 00000241 83 C0 02                        	ADD	EAX,2
   284 00000244 50                              	PUSH	EAX
   285 00000245 56                              	PUSH	ESI
   286 00000246 50                              	PUSH	EAX
   287 00000247 8B 45 08                        	MOV	EAX,DWORD [8+EBP]
   288 0000024A 6A 07                           	PUSH	7
   289 0000024C FF 70 04                        	PUSH	DWORD [4+EAX]
   290 0000024F FF 30                           	PUSH	DWORD [EAX]
   291 00000251 E8 [00000000]                   	CALL	_boxfill8
   292 00000256 8B 45 08                        	MOV	EAX,DWORD [8+EBP]
   293 00000259 83 C4 38                        	ADD	ESP,56
   294 0000025C 8B 5D 10                        	MOV	EBX,DWORD [16+EBP]
   295 0000025F 83 EB 02                        	SUB	EBX,2
   296 00000262 8B 7D 0C                        	MOV	EDI,DWORD [12+EBP]
   297 00000265 53                              	PUSH	EBX
   298 00000266 4F                              	DEC	EDI
   299 00000267 FF 75 F0                        	PUSH	DWORD [-16+EBP]
   300 0000026A 53                              	PUSH	EBX
   301 0000026B 57                              	PUSH	EDI
   302 0000026C 6A 00                           	PUSH	0
   303 0000026E FF 70 04                        	PUSH	DWORD [4+EAX]
   304 00000271 FF 30                           	PUSH	DWORD [EAX]
   305 00000273 E8 [00000000]                   	CALL	_boxfill8
   306 00000278 8B 45 08                        	MOV	EAX,DWORD [8+EBP]
   307 0000027B FF 75 EC                        	PUSH	DWORD [-20+EBP]
   308 0000027E FF 75 E4                        	PUSH	DWORD [-28+EBP]
   309 00000281 53                              	PUSH	EBX
   310 00000282 FF 75 E4                        	PUSH	DWORD [-28+EBP]
   311 00000285 6A 00                           	PUSH	0
   312 00000287 FF 70 04                        	PUSH	DWORD [4+EAX]
   313 0000028A FF 30                           	PUSH	DWORD [EAX]
   314 0000028C E8 [00000000]                   	CALL	_boxfill8
   315 00000291 8B 45 08                        	MOV	EAX,DWORD [8+EBP]
   316 00000294 83 C4 38                        	ADD	ESP,56
   317 00000297 FF 75 E0                        	PUSH	DWORD [-32+EBP]
   318 0000029A FF 75 F0                        	PUSH	DWORD [-16+EBP]
   319 0000029D FF 75 E0                        	PUSH	DWORD [-32+EBP]
   320 000002A0 FF 75 E4                        	PUSH	DWORD [-28+EBP]
   321 000002A3 6A 08                           	PUSH	8
   322 000002A5 FF 70 04                        	PUSH	DWORD [4+EAX]
   323 000002A8 FF 30                           	PUSH	DWORD [EAX]
   324 000002AA E8 [00000000]                   	CALL	_boxfill8
   325 000002AF 8B 45 08                        	MOV	EAX,DWORD [8+EBP]
   326 000002B2 FF 75 E0                        	PUSH	DWORD [-32+EBP]
   327 000002B5 FF 75 E8                        	PUSH	DWORD [-24+EBP]
   328 000002B8 53                              	PUSH	EBX
   329 000002B9 FF 75 E8                        	PUSH	DWORD [-24+EBP]
   330 000002BC 6A 08                           	PUSH	8
   331 000002BE FF 70 04                        	PUSH	DWORD [4+EAX]
   332 000002C1 FF 30                           	PUSH	DWORD [EAX]
   333 000002C3 E8 [00000000]                   	CALL	_boxfill8
   334 000002C8 8B 45 10                        	MOV	EAX,DWORD [16+EBP]
   335 000002CB 83 C4 38                        	ADD	ESP,56
   336 000002CE 48                              	DEC	EAX
   337 000002CF FF 75 EC                        	PUSH	DWORD [-20+EBP]
   338 000002D2 FF 75 F0                        	PUSH	DWORD [-16+EBP]
   339 000002D5 50                              	PUSH	EAX
   340 000002D6 57                              	PUSH	EDI
   341 000002D7 0F B6 45 1C                     	MOVZX	EAX,BYTE [28+EBP]
   342 000002DB 50                              	PUSH	EAX
   343 000002DC 8B 45 08                        	MOV	EAX,DWORD [8+EBP]
   344 000002DF FF 70 04                        	PUSH	DWORD [4+EAX]
   345 000002E2 FF 30                           	PUSH	DWORD [EAX]
   346 000002E4 E8 [00000000]                   	CALL	_boxfill8
   347 000002E9 8D 65 F4                        	LEA	ESP,DWORD [-12+EBP]
   348 000002EC 5B                              	POP	EBX
   349 000002ED 5E                              	POP	ESI
   350 000002EE 5F                              	POP	EDI
   351 000002EF 5D                              	POP	EBP
   352 000002F0 C3                              	RET
   353 000002F1                                 	GLOBAL	_change_wtitle8
   354 000002F1                                 _change_wtitle8:
   355 000002F1 55                              	PUSH	EBP
   356 000002F2 89 E5                           	MOV	EBP,ESP
   357 000002F4 57                              	PUSH	EDI
   358 000002F5 56                              	PUSH	ESI
   359 000002F6 53                              	PUSH	EBX
   360 000002F7 83 EC 14                        	SUB	ESP,20
   361 000002FA 8B 45 08                        	MOV	EAX,DWORD [8+EBP]
   362 000002FD 80 7D 0C 00                     	CMP	BYTE [12+EBP],0
   363 00000301 8B 10                           	MOV	EDX,DWORD [EAX]
   364 00000303 8B 48 04                        	MOV	ECX,DWORD [4+EAX]
   365 00000306 89 55 E4                        	MOV	DWORD [-28+EBP],EDX
   366 00000309 0F 84 00000088                  	JE	L29
   367 0000030F C6 45 EB 07                     	MOV	BYTE [-21+EBP],7
   368 00000313 C6 45 EA 0C                     	MOV	BYTE [-22+EBP],12
   369 00000317 C6 45 E9 08                     	MOV	BYTE [-23+EBP],8
   370 0000031B C6 45 E8 0F                     	MOV	BYTE [-24+EBP],15
   371 0000031F                                 L30:
   372 0000031F 6B F9 03                        	IMUL	EDI,ECX,3
   373 00000322 C7 45 EC 00000011               	MOV	DWORD [-20+EBP],17
   374 00000329 89 7D E0                        	MOV	DWORD [-32+EBP],EDI
   375 0000032C                                 L43:
   376 0000032C C7 45 F0 00000003               	MOV	DWORD [-16+EBP],3
   377 00000333 8D 41 FC                        	LEA	EAX,DWORD [-4+ECX]
   378 00000336 39 45 F0                        	CMP	DWORD [-16+EBP],EAX
   379 00000339 7F 29                           	JG	L47
   380 0000033B 8B 45 E4                        	MOV	EAX,DWORD [-28+EBP]
   381 0000033E 8B 55 E0                        	MOV	EDX,DWORD [-32+EBP]
   382 00000341 8D 74 38 03                     	LEA	ESI,DWORD [3+EAX+EDI*1]
   383 00000345 8D 5C 10 03                     	LEA	EBX,DWORD [3+EAX+EDX*1]
   384 00000349                                 L42:
   385 00000349 8A 13                           	MOV	DL,BYTE [EBX]
   386 0000034B 3A 55 E9                        	CMP	DL,BYTE [-23+EBP]
   387 0000034E 74 3A                           	JE	L48
   388 00000350                                 L39:
   389 00000350 3A 55 E8                        	CMP	DL,BYTE [-24+EBP]
   390 00000353 74 30                           	JE	L49
   391 00000355                                 L40:
   392 00000355 88 16                           	MOV	BYTE [ESI],DL
   393 00000357 8D 41 FC                        	LEA	EAX,DWORD [-4+ECX]
   394 0000035A FF 45 F0                        	INC	DWORD [-16+EBP]
   395 0000035D 46                              	INC	ESI
   396 0000035E 43                              	INC	EBX
   397 0000035F 39 45 F0                        	CMP	DWORD [-16+EBP],EAX
   398 00000362 7E E5                           	JLE	L42
   399 00000364                                 L47:
   400 00000364 01 CF                           	ADD	EDI,ECX
   401 00000366 01 4D E0                        	ADD	DWORD [-32+EBP],ECX
   402 00000369 FF 4D EC                        	DEC	DWORD [-20+EBP]
   403 0000036C 79 BE                           	JNS	L43
   404 0000036E 6A 15                           	PUSH	21
   405 00000370 51                              	PUSH	ECX
   406 00000371 6A 03                           	PUSH	3
   407 00000373 6A 03                           	PUSH	3
   408 00000375 FF 75 08                        	PUSH	DWORD [8+EBP]
   409 00000378 E8 [00000000]                   	CALL	_sheet_refresh
   410 0000037D 8D 65 F4                        	LEA	ESP,DWORD [-12+EBP]
   411 00000380 5B                              	POP	EBX
   412 00000381 5E                              	POP	ESI
   413 00000382 5F                              	POP	EDI
   414 00000383 5D                              	POP	EBP
   415 00000384 C3                              	RET
   416 00000385                                 L49:
   417 00000385 8A 55 EA                        	MOV	DL,BYTE [-22+EBP]
   418 00000388 EB CB                           	JMP	L40
   419 0000038A                                 L48:
   420 0000038A 8D 41 EA                        	LEA	EAX,DWORD [-22+ECX]
   421 0000038D 39 45 F0                        	CMP	DWORD [-16+EBP],EAX
   422 00000390 7F BE                           	JG	L39
   423 00000392 8A 55 EB                        	MOV	DL,BYTE [-21+EBP]
   424 00000395 EB BE                           	JMP	L40
   425 00000397                                 L29:
   426 00000397 C6 45 EB 08                     	MOV	BYTE [-21+EBP],8
   427 0000039B C6 45 EA 0F                     	MOV	BYTE [-22+EBP],15
   428 0000039F C6 45 E9 07                     	MOV	BYTE [-23+EBP],7
   429 000003A3 C6 45 E8 0C                     	MOV	BYTE [-24+EBP],12
   430 000003A7 E9 FFFFFF73                     	JMP	L30
